2026-04-03T10:46:16.173+02:00  INFO 39944 --- [car-service] [restartedMain] c.e.car_service.CarServiceApplication    : Starting CarServiceApplication using Java 17.0.16 with PID 39944 (C:\Users\luca.acone\OneDrive - Accenture\Desktop\car-project\car-service\target\classes started by luca.acone in C:\Users\luca.acone\OneDrive - Accenture\Desktop\car-project\car-service)
2026-04-03T10:46:16.176+02:00 DEBUG 39944 --- [car-service] [restartedMain] c.e.car_service.CarServiceApplication    : Running with Spring Boot v3.4.1, Spring v6.2.1
2026-04-03T10:46:16.178+02:00  INFO 39944 --- [car-service] [restartedMain] c.e.car_service.CarServiceApplication    : No active profile set, falling back to 1 default profile: "default"
2026-04-03T10:46:16.279+02:00  INFO 39944 --- [car-service] [restartedMain] .e.DevToolsPropertyDefaultsPostProcessor : Devtools property defaults active! Set 'spring.devtools.add-properties' to 'false' to disable
2026-04-03T10:46:16.280+02:00  INFO 39944 --- [car-service] [restartedMain] .e.DevToolsPropertyDefaultsPostProcessor : For additional web related logging consider setting the 'logging.level.web' property to 'DEBUG'
2026-04-03T10:46:18.225+02:00  INFO 39944 --- [car-service] [restartedMain] .s.d.r.c.RepositoryConfigurationDelegate : Bootstrapping Spring Data JPA repositories in DEFAULT mode.
2026-04-03T10:46:18.358+02:00  INFO 39944 --- [car-service] [restartedMain] .s.d.r.c.RepositoryConfigurationDelegate : Finished Spring Data repository scanning in 111 ms. Found 1 JPA repository interface.
2026-04-03T10:46:20.412+02:00  INFO 39944 --- [car-service] [restartedMain] o.s.b.w.embedded.tomcat.TomcatWebServer  : Tomcat initialized with port 8080 (http)
2026-04-03T10:46:20.475+02:00  INFO 39944 --- [car-service] [restartedMain] o.apache.catalina.core.StandardService   : Starting service [Tomcat]
2026-04-03T10:46:20.477+02:00  INFO 39944 --- [car-service] [restartedMain] o.apache.catalina.core.StandardEngine    : Starting Servlet engine: [Apache Tomcat/10.1.34]
2026-04-03T10:46:20.746+02:00  INFO 39944 --- [car-service] [restartedMain] o.a.c.c.C.[Tomcat].[localhost].[/]       : Initializing Spring embedded WebApplicationContext
2026-04-03T10:46:20.747+02:00  INFO 39944 --- [car-service] [restartedMain] w.s.c.ServletWebServerApplicationContext : Root WebApplicationContext: initialization completed in 4465 ms
2026-04-03T10:46:21.075+02:00  INFO 39944 --- [car-service] [restartedMain] o.hibernate.jpa.internal.util.LogHelper  : HHH000204: Processing PersistenceUnitInfo [name: default]
2026-04-03T10:46:21.263+02:00  INFO 39944 --- [car-service] [restartedMain] org.hibernate.Version                    : HHH000412: Hibernate ORM core version 6.6.4.Final
2026-04-03T10:46:21.358+02:00  INFO 39944 --- [car-service] [restartedMain] o.h.c.internal.RegionFactoryInitiator    : HHH000026: Second-level cache disabled
2026-04-03T10:46:22.034+02:00  INFO 39944 --- [car-service] [restartedMain] o.s.o.j.p.SpringPersistenceUnitInfo      : No LoadTimeWeaver setup: ignoring JPA class transformer
2026-04-03T10:46:22.149+02:00  INFO 39944 --- [car-service] [restartedMain] com.zaxxer.hikari.HikariDataSource       : HikariPool-1 - Starting...
2026-04-03T10:46:22.623+02:00  INFO 39944 --- [car-service] [restartedMain] com.zaxxer.hikari.pool.HikariPool        : HikariPool-1 - Added connection org.postgresql.jdbc.PgConnection@41eaeab1
2026-04-03T10:46:22.627+02:00  INFO 39944 --- [car-service] [restartedMain] com.zaxxer.hikari.HikariDataSource       : HikariPool-1 - Start completed.
2026-04-03T10:46:22.708+02:00  WARN 39944 --- [car-service] [restartedMain] org.hibernate.orm.deprecation            : HHH90000025: PostgreSQLDialect does not need to be specified explicitly using 'hibernate.dialect' (remove the property setting and it will be selected by default)
2026-04-03T10:46:22.768+02:00  INFO 39944 --- [car-service] [restartedMain] org.hibernate.orm.connections.pooling    : HHH10001005: Database info:
	Database JDBC URL [Connecting through datasource 'HikariDataSource (HikariPool-1)']
	Database driver: undefined/unknown
	Database version: 18.3
	Autocommit mode: undefined/unknown
	Isolation level: undefined/unknown
	Minimum pool size: undefined/unknown
	Maximum pool size: undefined/unknown
2026-04-03T10:46:24.889+02:00  INFO 39944 --- [car-service] [restartedMain] o.h.e.t.j.p.i.JtaPlatformInitiator       : HHH000489: No JTA platform available (set 'hibernate.transaction.jta.platform' to enable JTA platform integration)
2026-04-03T10:46:25.046+02:00  INFO 39944 --- [car-service] [restartedMain] j.LocalContainerEntityManagerFactoryBean : Initialized JPA EntityManagerFactory for persistence unit 'default'
2026-04-03T10:46:26.783+02:00  WARN 39944 --- [car-service] [restartedMain] JpaBaseConfiguration$JpaWebConfiguration : spring.jpa.open-in-view is enabled by default. Therefore, database queries may be performed during view rendering. Explicitly configure spring.jpa.open-in-view to disable this warning
2026-04-03T10:46:28.656+02:00  INFO 39944 --- [car-service] [restartedMain] o.s.b.d.a.OptionalLiveReloadServer       : LiveReload server is running on port 35729
2026-04-03T10:46:28.798+02:00  INFO 39944 --- [car-service] [restartedMain] o.s.b.w.embedded.tomcat.TomcatWebServer  : Tomcat started on port 8080 (http) with context path '/'
2026-04-03T10:46:28.831+02:00  INFO 39944 --- [car-service] [restartedMain] c.e.car_service.CarServiceApplication    : Started CarServiceApplication in 13.352 seconds (process running for 14.205)
2026-04-03T10:47:25.645+02:00  INFO 39944 --- [car-service] [http-nio-8080-exec-1] o.a.c.c.C.[Tomcat].[localhost].[/]       : Initializing Spring DispatcherServlet 'dispatcherServlet'
2026-04-03T10:47:25.646+02:00  INFO 39944 --- [car-service] [http-nio-8080-exec-1] o.s.web.servlet.DispatcherServlet        : Initializing Servlet 'dispatcherServlet'
2026-04-03T10:47:25.648+02:00  INFO 39944 --- [car-service] [http-nio-8080-exec-1] o.s.web.servlet.DispatcherServlet        : Completed initialization in 2 ms
2026-04-03T10:47:26.153+02:00  INFO 39944 --- [car-service] [http-nio-8080-exec-1] c.e.car_service.service.CarServiceImpl   : Salvataggio auto: PEUGEOT
2026-04-03T10:47:26.154+02:00  INFO 39944 --- [car-service] [http-nio-8080-exec-1] c.e.car_service.service.CarServiceImpl   : Auto salvata: PEUGEOT alle 2026-04-03
2026-04-03T10:47:26.427+02:00  INFO 39944 --- [car-service] [http-nio-8080-exec-1] c.e.c.controller.CarController           : Auto salvata con ID 16. Lancio controllo asincrono...
2026-04-03T10:47:26.435+02:00  INFO 39944 --- [car-service] [task-1] c.e.car_service.service.CarServiceImpl   : Inizio controllo esterno per: PEUGEOT alle 10:47:26.434322
2026-04-03T10:47:31.498+02:00  INFO 39944 --- [car-service] [task-1] c.e.car_service.service.CarServiceImpl   : Controllo completato per: PEUGEOT alle 10:47:31.497692600
